<?xml version="1.0" encoding="UTF-8"?>
<!-- Generated by org.testng.reporters.JUnitXMLReporter -->
<testsuite ignored="8" hostname="DESKTOP-AG4Q1E3" failures="0" tests="1" name="Default test" time="26.71" errors="0" timestamp="04 Feb. 2021 00:17:36 GMT">
  <testcase classname="com.walmart.qa.test.GuestUserTest" name="pagerange" time="16.991"/>
  <testcase classname="com.walmart.qa.test.GuestUserTest" name="Filteringandsorting" time="0.0">
    <ignored/>
  </testcase> <!-- Filteringandsorting -->
  <testcase classname="com.walmart.qa.test.GuestUserTest" name="searchwithdescriptiotext" time="0.0">
    <ignored/>
  </testcase> <!-- searchwithdescriptiotext -->
  <testcase classname="com.walmart.qa.test.GuestUserTest" name="searchwithpartialcatogoryname" time="0.0">
    <ignored/>
  </testcase> <!-- searchwithpartialcatogoryname -->
  <testcase classname="com.walmart.qa.test.GuestUserTest" name="searchwithpartialtext" time="0.0">
    <ignored/>
  </testcase> <!-- searchwithpartialtext -->
  <testcase classname="com.walmart.qa.test.GuestUserTest" name="Sortingbasedonratings" time="0.0">
    <ignored/>
  </testcase> <!-- Sortingbasedonratings -->
  <testcase classname="com.walmart.qa.test.GuestUserTest" name="searchwithitemnumber" time="0.0">
    <ignored/>
  </testcase> <!-- searchwithitemnumber -->
  <testcase classname="com.walmart.qa.test.GuestUserTest" name="searchwithpartialitemnumber" time="0.0">
    <ignored/>
  </testcase> <!-- searchwithpartialitemnumber -->
  <testcase classname="com.walmart.qa.test.GuestUserTest" name="enteritem" time="0.0">
    <ignored/>
  </testcase> <!-- enteritem -->
</testsuite> <!-- Default test -->
