<?xml version="1.0" encoding="UTF-8"?>
<testng-results ignored="8" total="9" passed="1" failed="0" skipped="0">
  <reporter-output>
  </reporter-output>
  <suite started-at="2021-02-04T00:17:10Z" name="Default suite" finished-at="2021-02-04T00:17:36Z" duration-ms="26710">
    <groups>
    </groups>
    <test started-at="2021-02-04T00:17:10Z" name="Default test" finished-at="2021-02-04T00:17:36Z" duration-ms="26710">
      <class name="com.walmart.qa.test.GuestUserTest">
        <test-method is-config="true" signature="setup()[pri:0, instance:com.walmart.qa.test.GuestUserTest@359df09a]" started-at="2021-02-04T00:17:10Z" name="setup" finished-at="2021-02-04T00:17:19Z" duration-ms="9677" status="PASS">
          <reporter-output>
          </reporter-output>
        </test-method> <!-- setup -->
        <test-method signature="pagerange()[pri:6, instance:com.walmart.qa.test.GuestUserTest@359df09a]" started-at="2021-02-04T00:17:19Z" name="pagerange" finished-at="2021-02-04T00:17:36Z" duration-ms="16991" status="PASS">
          <reporter-output>
          </reporter-output>
        </test-method> <!-- pagerange -->
      </class> <!-- com.walmart.qa.test.GuestUserTest -->
    </test> <!-- Default test -->
  </suite> <!-- Default suite -->
</testng-results>
